#
# There is insufficient memory for the Java Runtime Environment to continue.
# Native memory allocation (malloc) failed to allocate 1021296 bytes for Chunk::new
# Possible reasons:
#   The system is out of physical RAM or swap space
#   In 32 bit mode, the process size limit was hit
# Possible solutions:
#   Reduce memory load on the system
#   Increase physical memory or swap space
#   Check if swap backing store is full
#   Use 64 bit Java on a 64 bit OS
#   Decrease Java heap size (-Xmx/-Xms)
#   Decrease number of Java threads
#   Decrease Java thread stack sizes (-Xss)
#   Set larger code cache with -XX:ReservedCodeCacheSize=
# This output file may be truncated or incomplete.
#
#  Out of Memory Error (allocation.cpp:390), pid=2448, tid=0x00000000000030bc
#
# JRE version: OpenJDK Runtime Environment (8.0_152-b01) (build 1.8.0_152-release-915-b01)
# Java VM: OpenJDK 64-Bit Server VM (25.152-b01 mixed mode windows-amd64 compressed oops)
# Failed to write core dump. Minidumps are not enabled by default on client versions of Windows
#

---------------  T H R E A D  ---------------

Current thread (0x000000001985b000):  JavaThread "C2 CompilerThread2" daemon [_thread_in_native, id=12476, stack(0x000000001a210000,0x000000001a310000)]

Stack: [0x000000001a210000,0x000000001a310000]
[error occurred during error reporting (printing stack bounds), id 0xc0000005]

Native frames: (J=compiled Java code, j=interpreted, Vv=VM code, C=native code)


Current CompileTask:
C2: 898899 26033       4       java.beans.Introspector::addPropertyDescriptor (265 bytes)


---------------  P R O C E S S  ---------------

Java Threads: ( => current thread )
  0x00000000199fa000 JavaThread "Cache worker for Artifact transforms cache (D:\systems\.gradle\caches\transforms-1)" [_thread_blocked, id=8668, stack(0x00000000322d0000,0x00000000323d0000)]
  0x00000000199f8800 JavaThread "Cache worker for file hash cache (D:\android-lab\TextSwitcher\.gradle\4.1\fileHashes)" [_thread_blocked, id=10520, stack(0x00000000321d0000,0x00000000322d0000)]
  0x000000001c645000 JavaThread "Stdin handler" [_thread_blocked, id=5140, stack(0x00000000320d0000,0x00000000321d0000)]
  0x000000001c644800 JavaThread "Asynchronous log dispatcher for DefaultDaemonConnection: socket connection from /127.0.0.1:40367 to /127.0.0.1:41391" [_thread_blocked, id=6664, stack(0x0000000031fd0000,0x00000000320d0000)]
  0x000000001c649000 JavaThread "Cancel handler" [_thread_blocked, id=4236, stack(0x0000000031ed0000,0x0000000031fd0000)]
  0x000000001c643000 JavaThread "Handler for socket connection from /127.0.0.1:40367 to /127.0.0.1:41391" [_thread_in_native, id=14020, stack(0x0000000031dd0000,0x0000000031ed0000)]
  0x000000002037f800 JavaThread "ForkJoinPool.commonPool-worker-4" daemon [_thread_blocked, id=14032, stack(0x0000000075490000,0x0000000075590000)]
  0x0000000020513800 JavaThread "ForkJoinPool.commonPool-worker-5" daemon [_thread_blocked, id=10516, stack(0x0000000071f90000,0x0000000072090000)]
  0x000000002037d000 JavaThread "Daemon worker Thread 5" [_thread_in_Java, id=10460, stack(0x000000006d290000,0x000000006d390000)]
  0x0000000020374000 JavaThread "Daemon Thread 5" [_thread_blocked, id=6516, stack(0x000000006cf90000,0x000000006d090000)]
  0x000000002050e000 JavaThread "Memory manager" [_thread_blocked, id=6936, stack(0x0000000024580000,0x0000000024680000)]
  0x0000000020515000 JavaThread "pool-1-thread-1" [_thread_blocked, id=1772, stack(0x0000000024480000,0x0000000024580000)]
  0x000000001be1d800 JavaThread "File lock request listener" [_thread_in_native, id=2836, stack(0x000000001e030000,0x000000001e130000)]
  0x000000001b74e000 JavaThread "Cache worker for file hash cache (D:\systems\.gradle\caches\4.1\fileHashes)" [_thread_blocked, id=14564, stack(0x000000001df30000,0x000000001e030000)]
  0x000000001b72c000 JavaThread "Daemon periodic checks" [_thread_blocked, id=3384, stack(0x000000001d530000,0x000000001d630000)]
  0x000000001b7bb800 JavaThread "Incoming local TCP Connector on port 40367" [_thread_in_native, id=8308, stack(0x000000001d2f0000,0x000000001d3f0000)]
  0x0000000019923000 JavaThread "Service Thread" daemon [_thread_blocked, id=13068, stack(0x000000001a410000,0x000000001a510000)]
  0x000000001795c000 JavaThread "C1 CompilerThread3" daemon [_thread_blocked, id=13676, stack(0x000000001a310000,0x000000001a410000)]
=>0x000000001985b000 JavaThread "C2 CompilerThread2" daemon [_thread_in_native, id=12476, stack(0x000000001a210000,0x000000001a310000)]
  0x0000000019857800 JavaThread "C2 CompilerThread1" daemon [_thread_blocked, id=12684, stack(0x000000001a110000,0x000000001a210000)]
  0x0000000019853800 JavaThread "C2 CompilerThread0" daemon [_thread_blocked, id=12920, stack(0x000000001a010000,0x000000001a110000)]
  0x00000000198a1000 JavaThread "Attach Listener" daemon [_thread_blocked, id=2248, stack(0x0000000019f10000,0x000000001a010000)]
  0x00000000198a0800 JavaThread "Signal Dispatcher" daemon [_thread_blocked, id=1152, stack(0x0000000019e10000,0x0000000019f10000)]
  0x0000000017951800 JavaThread "Finalizer" daemon [_thread_blocked, id=13148, stack(0x0000000019c20000,0x0000000019d20000)]
  0x0000000004e29000 JavaThread "Reference Handler" daemon [_thread_blocked, id=6780, stack(0x0000000019720000,0x0000000019820000)]
  0x0000000002e2e800 JavaThread "main" [_thread_blocked, id=10560, stack(0x0000000004c30000,0x0000000004d30000)]

Other Threads:
  0x0000000017945000 VMThread [stack: 0x0000000019620000,0x0000000019720000] [id=13640]
  0x0000000019923800 WatcherThread [stack: 0x000000001a510000,0x000000001a610000] [id=13040]

VM state:not at safepoint (normal execution)

VM Mutex/Monitor currently owned by a thread: None

Heap:
 PSYoungGen      total 306688K, used 29109K [0x00000000eab00000, 0x00000000ffe00000, 0x0000000100000000)
  eden space 271360K, 10% used [0x00000000eab00000,0x00000000ec71d530,0x00000000fb400000)
  from space 35328K, 0% used [0x00000000fb400000,0x00000000fb450000,0x00000000fd680000)
  to   space 34816K, 0% used [0x00000000fdc00000,0x00000000fdc00000,0x00000000ffe00000)
 ParOldGen       total 276480K, used 191984K [0x00000000c0000000, 0x00000000d0e00000, 0x00000000eab00000)
  object space 276480K, 69% used [0x00000000c0000000,0x00000000cbb7c288,0x00000000d0e00000)
 Metaspace       used 89351K, capacity 95180K, committed 95320K, reserved 1132544K
  class space    used 11122K, capacity 12416K, committed 12416K, reserved 1048576K

Card table byte_map: [0x00000000141f0000,0x0000000014400000] byte_map_base: 0x0000000013bf0000

Marking Bits: (ParMarkBitMap*) 0x0000000054383950
 Begin Bits: [0x0000000014d60000, 0x0000000015d60000)
 End Bits:   [0x0000000015d60000, 0x0000000016d60000)

Polling page: 0x0000000002e00000

CodeCache: size=245760Kb used=71811Kb max_used=71950Kb free=173948Kb
 bounds [0x0000000004e30000, 0x00000000094e0000, 0x0000000013e30000]
 total_blobs=20391 nmethods=19524 adapters=778
 compilation: enabled

Compilation events (10 events):
Event: 898.568 Thread 0x000000001795c000 26041       3       org.gradle.internal.service.DefaultServiceRegistry$ParentServices::getAll (92 bytes)
Event: 898.569 Thread 0x000000001795c000 nmethod 26041 0x000000000525c290 code [0x000000000525c460, 0x000000000525cc28]
Event: 898.589 Thread 0x0000000019857800 26042   !   4       com.sun.org.apache.xerces.internal.impl.XMLVersionDetector::determineDocVersion (314 bytes)
Event: 898.607 Thread 0x0000000019853800 26043       4       org.gradle.api.internal.artifacts.ivyservice.ivyresolve.parser.PomDomParser$AddDTDFilterInputStream::read (145 bytes)
Event: 898.610 Thread 0x0000000019853800 nmethod 26043 0x000000000525bb50 code [0x000000000525bcc0, 0x000000000525bf68]
Event: 898.617 Thread 0x000000001795c000 26044       3       org.gradle.api.internal.artifacts.repositories.resolver.MavenResolver::isMetaDataArtifact (13 bytes)
Event: 898.618 Thread 0x000000001795c000 nmethod 26044 0x0000000005da5e10 code [0x0000000005da5f60, 0x0000000005da6110]
Event: 898.618 Thread 0x000000001795c000 26045       3       org.gradle.api.internal.artifacts.repositories.resolver.ExternalResourceResolver$LocalRepositoryAccess::resolveMetaDataArtifacts (25 bytes)
Event: 898.619 Thread 0x000000001795c000 nmethod 26045 0x000000000614f010 code [0x000000000614f220, 0x000000000614fde8]
Event: 898.682 Thread 0x0000000019857800 nmethod 26042 0x00000000094cc290 code [0x00000000094cc5e0, 0x00000000094ce688]

GC Heap History (10 events):
Event: 838.982 GC heap before
{Heap before GC invocations=59 (full 4):
 PSYoungGen      total 304128K, used 264700K [0x00000000eab00000, 0x0000000100000000, 0x0000000100000000)
  eden space 259584K, 99% used [0x00000000eab00000,0x00000000fa85fdd0,0x00000000fa880000)
  from space 44544K, 11% used [0x00000000fd200000,0x00000000fd71f258,0x00000000ffd80000)
  to   space 42496K, 0% used [0x00000000fa880000,0x00000000fa880000,0x00000000fd200000)
 ParOldGen       total 276480K, used 184705K [0x00000000c0000000, 0x00000000d0e00000, 0x00000000eab00000)
  object space 276480K, 66% used [0x00000000c0000000,0x00000000cb460708,0x00000000d0e00000)
 Metaspace       used 89122K, capacity 94920K, committed 95064K, reserved 1132544K
  class space    used 11110K, capacity 12374K, committed 12416K, reserved 1048576K
Event: 838.987 GC heap after
Heap after GC invocations=59 (full 4):
 PSYoungGen      total 302080K, used 32K [0x00000000eab00000, 0x00000000ffc00000, 0x0000000100000000)
  eden space 259584K, 0% used [0x00000000eab00000,0x00000000eab00000,0x00000000fa880000)
  from space 42496K, 0% used [0x00000000fa880000,0x00000000fa888000,0x00000000fd200000)
  to   space 41472K, 0% used [0x00000000fd380000,0x00000000fd380000,0x00000000ffc00000)
 ParOldGen       total 276480K, used 189209K [0x00000000c0000000, 0x00000000d0e00000, 0x00000000eab00000)
  object space 276480K, 68% used [0x00000000c0000000,0x00000000cb8c66e0,0x00000000d0e00000)
 Metaspace       used 89122K, capacity 94920K, committed 95064K, reserved 1132544K
  class space    used 11110K, capacity 12374K, committed 12416K, reserved 1048576K
}
Event: 845.443 GC heap before
{Heap before GC invocations=60 (full 4):
 PSYoungGen      total 302080K, used 259616K [0x00000000eab00000, 0x00000000ffc00000, 0x0000000100000000)
  eden space 259584K, 100% used [0x00000000eab00000,0x00000000fa880000,0x00000000fa880000)
  from space 42496K, 0% used [0x00000000fa880000,0x00000000fa888000,0x00000000fd200000)
  to   space 41472K, 0% used [0x00000000fd380000,0x00000000fd380000,0x00000000ffc00000)
 ParOldGen       total 276480K, used 189209K [0x00000000c0000000, 0x00000000d0e00000, 0x00000000eab00000)
  object space 276480K, 68% used [0x00000000c0000000,0x00000000cb8c66e0,0x00000000d0e00000)
 Metaspace       used 89222K, capacity 95054K, committed 95320K, reserved 1132544K
  class space    used 11111K, capacity 12375K, committed 12416K, reserved 1048576K
Event: 845.452 GC heap after
Heap after GC invocations=60 (full 4):
 PSYoungGen      total 304640K, used 13421K [0x00000000eab00000, 0x00000000ffb00000, 0x0000000100000000)
  eden space 264192K, 0% used [0x00000000eab00000,0x00000000eab00000,0x00000000fad00000)
  from space 40448K, 33% used [0x00000000fd380000,0x00000000fe09b480,0x00000000ffb00000)
  to   space 39424K, 0% used [0x00000000fad00000,0x00000000fad00000,0x00000000fd380000)
 ParOldGen       total 276480K, used 189265K [0x00000000c0000000, 0x00000000d0e00000, 0x00000000eab00000)
  object space 276480K, 68% used [0x00000000c0000000,0x00000000cb8d46e0,0x00000000d0e00000)
 Metaspace       used 89222K, capacity 95054K, committed 95320K, reserved 1132544K
  class space    used 11111K, capacity 12375K, committed 12416K, reserved 1048576K
}
Event: 845.820 GC heap before
{Heap before GC invocations=61 (full 4):
 PSYoungGen      total 304640K, used 277613K [0x00000000eab00000, 0x00000000ffb00000, 0x0000000100000000)
  eden space 264192K, 100% used [0x00000000eab00000,0x00000000fad00000,0x00000000fad00000)
  from space 40448K, 33% used [0x00000000fd380000,0x00000000fe09b480,0x00000000ffb00000)
  to   space 39424K, 0% used [0x00000000fad00000,0x00000000fad00000,0x00000000fd380000)
 ParOldGen       total 276480K, used 189265K [0x00000000c0000000, 0x00000000d0e00000, 0x00000000eab00000)
  object space 276480K, 68% used [0x00000000c0000000,0x00000000cb8d46e0,0x00000000d0e00000)
 Metaspace       used 89224K, capacity 95054K, committed 95320K, reserved 1132544K
  class space    used 11111K, capacity 12375K, committed 12416K, reserved 1048576K
Event: 845.827 GC heap after
Heap after GC invocations=61 (full 4):
 PSYoungGen      total 303616K, used 8017K [0x00000000eab00000, 0x00000000ffb00000, 0x0000000100000000)
  eden space 264192K, 0% used [0x00000000eab00000,0x00000000eab00000,0x00000000fad00000)
  from space 39424K, 20% used [0x00000000fad00000,0x00000000fb4d4478,0x00000000fd380000)
  to   space 37376K, 0% used [0x00000000fd680000,0x00000000fd680000,0x00000000ffb00000)
 ParOldGen       total 276480K, used 191720K [0x00000000c0000000, 0x00000000d0e00000, 0x00000000eab00000)
  object space 276480K, 69% used [0x00000000c0000000,0x00000000cbb3a268,0x00000000d0e00000)
 Metaspace       used 89224K, capacity 95054K, committed 95320K, reserved 1132544K
  class space    used 11111K, capacity 12375K, committed 12416K, reserved 1048576K
}
Event: 898.115 GC heap before
{Heap before GC invocations=62 (full 4):
 PSYoungGen      total 303616K, used 271982K [0x00000000eab00000, 0x00000000ffb00000, 0x0000000100000000)
  eden space 264192K, 99% used [0x00000000eab00000,0x00000000facc7718,0x00000000fad00000)
  from space 39424K, 20% used [0x00000000fad00000,0x00000000fb4d4478,0x00000000fd380000)
  to   space 37376K, 0% used [0x00000000fd680000,0x00000000fd680000,0x00000000ffb00000)
 ParOldGen       total 276480K, used 191720K [0x00000000c0000000, 0x00000000d0e00000, 0x00000000eab00000)
  object space 276480K, 69% used [0x00000000c0000000,0x00000000cbb3a268,0x00000000d0e00000)
 Metaspace       used 89262K, capacity 95060K, committed 95320K, reserved 1132544K
  class space    used 11111K, capacity 12376K, committed 12416K, reserved 1048576K
Event: 898.120 GC heap after
Heap after GC invocations=62 (full 4):
 PSYoungGen      total 307712K, used 6049K [0x00000000eab00000, 0x00000000ffa00000, 0x0000000100000000)
  eden space 271360K, 0% used [0x00000000eab00000,0x00000000eab00000,0x00000000fb400000)
  from space 36352K, 16% used [0x00000000fd680000,0x00000000fdc685d0,0x00000000ffa00000)
  to   space 35328K, 0% used [0x00000000fb400000,0x00000000fb400000,0x00000000fd680000)
 ParOldGen       total 276480K, used 191832K [0x00000000c0000000, 0x00000000d0e00000, 0x00000000eab00000)
  object space 276480K, 69% used [0x00000000c0000000,0x00000000cbb56278,0x00000000d0e00000)
 Metaspace       used 89262K, capacity 95060K, committed 95320K, reserved 1132544K
  class space    used 11111K, capacity 12376K, committed 12416K, reserved 1048576K
}
Event: 898.197 GC heap before
{Heap before GC invocations=63 (full 4):
 PSYoungGen      total 307712K, used 277409K [0x00000000eab00000, 0x00000000ffa00000, 0x0000000100000000)
  eden space 271360K, 100% used [0x00000000eab00000,0x00000000fb400000,0x00000000fb400000)
  from space 36352K, 16% used [0x00000000fd680000,0x00000000fdc685d0,0x00000000ffa00000)
  to   space 35328K, 0% used [0x00000000fb400000,0x00000000fb400000,0x00000000fd680000)
 ParOldGen       total 276480K, used 191832K [0x00000000c0000000, 0x00000000d0e00000, 0x00000000eab00000)
  object space 276480K, 69% used [0x00000000c0000000,0x00000000cbb56278,0x00000000d0e00000)
 Metaspace       used 89268K, capacity 95060K, committed 95320K, reserved 1132544K
  class space    used 11111K, capacity 12376K, committed 12416K, reserved 1048576K
Event: 898.200 GC heap after
Heap after GC invocations=63 (full 4):
 PSYoungGen      total 306688K, used 320K [0x00000000eab00000, 0x00000000ffe00000, 0x0000000100000000)
  eden space 271360K, 0% used [0x00000000eab00000,0x00000000eab00000,0x00000000fb400000)
  from space 35328K, 0% used [0x00000000fb400000,0x00000000fb450000,0x00000000fd680000)
  to   space 34816K, 0% used [0x00000000fdc00000,0x00000000fdc00000,0x00000000ffe00000)
 ParOldGen       total 276480K, used 191984K [0x00000000c0000000, 0x00000000d0e00000, 0x00000000eab00000)
  object space 276480K, 69% used [0x00000000c0000000,0x00000000cbb7c288,0x00000000d0e00000)
 Metaspace       used 89268K, capacity 95060K, committed 95320K, reserved 1132544K
  class space    used 11111K, capacity 12376K, committed 12416K, reserved 1048576K
}

Deoptimization events (10 events):
Event: 844.618 Thread 0x000000001c644800 Uncommon trap: reason=unstable_if action=reinterpret pc=0x0000000006f41880 method=com.android.dx.dex.file.ValueEncoder.constantToValueType(Lcom/android/dx/rop/cst/Constant;)I @ 130
Event: 844.654 Thread 0x0000000020511000 Uncommon trap: reason=array_check action=maybe_recompile pc=0x00000000084d9b44 method=java.util.ComparableTimSort.mergeLo(IIII)V @ 133
Event: 844.677 Thread 0x0000000020511000 Uncommon trap: reason=unstable_if action=reinterpret pc=0x0000000008b3bbac method=java.util.BitSet.set(IZ)V @ 1
Event: 844.809 Thread 0x000000002050d800 Uncommon trap: reason=class_check action=maybe_recompile pc=0x0000000007f84fe4 method=com.android.dx.cf.attrib.AttConstantValue.<init>(Lcom/android/dx/rop/cst/TypedConstant;)V @ 14
Event: 844.811 Thread 0x000000002050d800 Uncommon trap: reason=unstable_if action=reinterpret pc=0x0000000007c5fbec method=com.android.dx.ssa.InterferenceRegisterMapper.interferes(III)Z @ 69
Event: 844.814 Thread 0x000000001c644800 Uncommon trap: reason=class_check action=maybe_recompile pc=0x0000000007f84fe4 method=com.android.dx.cf.attrib.AttConstantValue.<init>(Lcom/android/dx/rop/cst/TypedConstant;)V @ 14
Event: 844.816 Thread 0x000000001c644800 Uncommon trap: reason=unstable_if action=reinterpret pc=0x0000000007572214 method=com.android.dex.Leb128.unsignedLeb128Size(I)I @ 8
Event: 844.823 Thread 0x000000002037c000 Uncommon trap: reason=class_check action=maybe_recompile pc=0x0000000007f84fe4 method=com.android.dx.cf.attrib.AttConstantValue.<init>(Lcom/android/dx/rop/cst/TypedConstant;)V @ 14
Event: 845.797 Thread 0x000000001c644800 Uncommon trap: reason=class_check action=maybe_recompile pc=0x0000000008512f78 method=com.android.dx.merge.DexMerger$IdMerger.mergeSorted()V @ 188
Event: 845.797 Thread 0x000000001c644800 Uncommon trap: reason=bimorphic action=maybe_recompile pc=0x0000000009232830 method=com.android.dx.merge.DexMerger$IdMerger.mergeUnsorted()V @ 95

Classes redefined (0 events):
No events

Internal exceptions (10 events):
Event: 845.036 Thread 0x000000002037f800 Exception <a 'sun/nio/fs/WindowsException'> (0x00000000f4afcca0) thrown at [D:\src\AOSP-openjdk-cygwin\jdk8u\hotspot\src\share\vm\prims\jni.cpp, line 709]
Event: 845.036 Thread 0x000000002037f800 Exception <a 'sun/nio/fs/WindowsException'> (0x00000000f4afd4e0) thrown at [D:\src\AOSP-openjdk-cygwin\jdk8u\hotspot\src\share\vm\prims\jni.cpp, line 709]
Event: 845.036 Thread 0x000000002037f800 Exception <a 'sun/nio/fs/WindowsException'> (0x00000000f4afdbb0) thrown at [D:\src\AOSP-openjdk-cygwin\jdk8u\hotspot\src\share\vm\prims\jni.cpp, line 709]
Event: 845.036 Thread 0x000000002037f800 Exception <a 'sun/nio/fs/WindowsException'> (0x00000000f4afe3e0) thrown at [D:\src\AOSP-openjdk-cygwin\jdk8u\hotspot\src\share\vm\prims\jni.cpp, line 709]
Event: 845.060 Thread 0x000000002050d800 Exception <a 'sun/nio/fs/WindowsException'> (0x00000000f69f62e8) thrown at [D:\src\AOSP-openjdk-cygwin\jdk8u\hotspot\src\share\vm\prims\jni.cpp, line 709]
Event: 845.070 Thread 0x000000002050d800 Exception <a 'sun/nio/fs/WindowsException'> (0x00000000f6a09ec8) thrown at [D:\src\AOSP-openjdk-cygwin\jdk8u\hotspot\src\share\vm\prims\jni.cpp, line 709]
Event: 845.163 Thread 0x000000002037c000 Exception <a 'sun/nio/fs/WindowsException'> (0x00000000f80bad80) thrown at [D:\src\AOSP-openjdk-cygwin\jdk8u\hotspot\src\share\vm\prims\jni.cpp, line 709]
Event: 898.229 Thread 0x000000002037d000 Exception <a 'sun/nio/fs/WindowsException'> (0x00000000eab66160) thrown at [D:\src\AOSP-openjdk-cygwin\jdk8u\hotspot\src\share\vm\prims\jni.cpp, line 709]
Event: 898.544 Thread 0x000000002037d000 Exception <a 'java/lang/ClassNotFoundException': sync_local_repo453_7bizgv9jl1lhy5wafcuivuajrBeanInfo> (0x00000000eb31f2a0) thrown at [D:\src\AOSP-openjdk-cygwin\jdk8u\hotspot\src\share\vm\classfile\systemDictionary.cpp, line 210]
Event: 898.545 Thread 0x000000002037d000 Exception <a 'java/lang/ClassNotFoundException': sync_local_repo453_7bizgv9jl1lhy5wafcuivuajrCustomizer> (0x00000000eb329870) thrown at [D:\src\AOSP-openjdk-cygwin\jdk8u\hotspot\src\share\vm\classfile\systemDictionary.cpp, line 210]

Events (10 events):
Event: 898.558 loading class groovy/runtime/metaclass/sync_local_repo453_7bizgv9jl1lhy5wafcuivuajr$_run_closure1$_closure2MetaClass done
Event: 898.560 loading class groovy/runtime/metaclass/sync_local_repo453_7bizgv9jl1lhy5wafcuivuajr$_run_closure1$_closure2$_closure4MetaClass
Event: 898.560 loading class groovy/runtime/metaclass/sync_local_repo453_7bizgv9jl1lhy5wafcuivuajr$_run_closure1$_closure2$_closure4MetaClass done
Event: 898.562 loading class groovy/runtime/metaclass/sync_local_repo453_7bizgv9jl1lhy5wafcuivuajr$_run_closure1$_closure2$_closure4$_closure5MetaClass
Event: 898.562 loading class groovy/runtime/metaclass/sync_local_repo453_7bizgv9jl1lhy5wafcuivuajr$_run_closure1$_closure2$_closure4$_closure5MetaClass done
Event: 898.563 loading class groovy/runtime/metaclass/sync_local_repo453_7bizgv9jl1lhy5wafcuivuajr$_run_closure1$_closure3MetaClass
Event: 898.563 loading class groovy/runtime/metaclass/sync_local_repo453_7bizgv9jl1lhy5wafcuivuajr$_run_closure1$_closure3MetaClass done
Event: 898.564 loading class groovy/runtime/metaclass/sync_local_repo453_7bizgv9jl1lhy5wafcuivuajr$_run_closure1$_closure3$_closure6MetaClass
Event: 898.564 loading class groovy/runtime/metaclass/sync_local_repo453_7bizgv9jl1lhy5wafcuivuajr$_run_closure1$_closure3$_closure6MetaClass done
Event: 898.569 Thread 0x00000000199fa000 Thread added: 0x00000000199fa000


Dynamic libraries:
0x00007ff786f10000 - 0x00007ff786f41000 	C:\Program Files\Android\Android Studio\jre\bin\java.exe
0x00007ff9f6290000 - 0x00007ff9f6470000 	C:\WINDOWS\SYSTEM32\ntdll.dll
0x00007ff9f6090000 - 0x00007ff9f613e000 	C:\WINDOWS\System32\KERNEL32.DLL
0x00007ff9f3470000 - 0x00007ff9f36d6000 	C:\WINDOWS\System32\KERNELBASE.dll
0x00007ff9f3b00000 - 0x00007ff9f3ba1000 	C:\WINDOWS\System32\ADVAPI32.dll
0x00007ff9f3a60000 - 0x00007ff9f3afd000 	C:\WINDOWS\System32\msvcrt.dll
0x00007ff9f5120000 - 0x00007ff9f517b000 	C:\WINDOWS\System32\sechost.dll
0x00007ff9f5180000 - 0x00007ff9f529f000 	C:\WINDOWS\System32\RPCRT4.dll
0x00007ff9f38d0000 - 0x00007ff9f3a5f000 	C:\WINDOWS\System32\USER32.dll
0x00007ff9f3450000 - 0x00007ff9f3470000 	C:\WINDOWS\System32\win32u.dll
0x00007ff9f3cb0000 - 0x00007ff9f3cd8000 	C:\WINDOWS\System32\GDI32.dll
0x00007ff9f32b0000 - 0x00007ff9f3443000 	C:\WINDOWS\System32\gdi32full.dll
0x00007ff9f2f40000 - 0x00007ff9f2fdb000 	C:\WINDOWS\System32\msvcp_win.dll
0x00007ff9f2fe0000 - 0x00007ff9f30d6000 	C:\WINDOWS\System32\ucrtbase.dll
0x00007ff9d37d0000 - 0x00007ff9d3a39000 	C:\WINDOWS\WinSxS\amd64_microsoft.windows.common-controls_6595b64144ccf1df_6.0.16299.125_none_15cbcf8893620c09\COMCTL32.dll
0x00007ff9f5aa0000 - 0x00007ff9f5da8000 	C:\WINDOWS\System32\combase.dll
0x00007ff9f36e0000 - 0x00007ff9f3752000 	C:\WINDOWS\System32\bcryptPrimitives.dll
0x00007ff9f3890000 - 0x00007ff9f38bd000 	C:\WINDOWS\System32\IMM32.DLL
0x00000000548b0000 - 0x0000000054982000 	C:\Program Files\Android\Android Studio\jre\jre\bin\msvcr100.dll
0x0000000053bc0000 - 0x00000000543fe000 	C:\Program Files\Android\Android Studio\jre\jre\bin\server\jvm.dll
0x00007ff9f3c20000 - 0x00007ff9f3c28000 	C:\WINDOWS\System32\PSAPI.DLL
0x00007ff9e6d30000 - 0x00007ff9e6d39000 	C:\WINDOWS\SYSTEM32\WSOCK32.dll
0x00007ff9f3bb0000 - 0x00007ff9f3c1c000 	C:\WINDOWS\System32\WS2_32.dll
0x00007ff9f0630000 - 0x00007ff9f0653000 	C:\WINDOWS\SYSTEM32\WINMM.dll
0x00007ff9e6420000 - 0x00007ff9e642a000 	C:\WINDOWS\SYSTEM32\VERSION.dll
0x00007ff9f05d0000 - 0x00007ff9f05fa000 	C:\WINDOWS\SYSTEM32\winmmbase.dll
0x00007ff9f2740000 - 0x00007ff9f278a000 	C:\WINDOWS\System32\cfgmgr32.dll
0x00007ff9e6350000 - 0x00007ff9e635f000 	C:\Program Files\Android\Android Studio\jre\jre\bin\verify.dll
0x00007ff9db120000 - 0x00007ff9db149000 	C:\Program Files\Android\Android Studio\jre\jre\bin\java.dll
0x00007ff9daeb0000 - 0x00007ff9daec6000 	C:\Program Files\Android\Android Studio\jre\jre\bin\zip.dll
0x00007ff9f3ce0000 - 0x00007ff9f5116000 	C:\WINDOWS\System32\SHELL32.dll
0x00007ff9f5db0000 - 0x00007ff9f5e56000 	C:\WINDOWS\System32\shcore.dll
0x00007ff9f27f0000 - 0x00007ff9f2f37000 	C:\WINDOWS\System32\windows.storage.dll
0x00007ff9f3c30000 - 0x00007ff9f3c81000 	C:\WINDOWS\System32\shlwapi.dll
0x00007ff9f2670000 - 0x00007ff9f2681000 	C:\WINDOWS\System32\kernel.appcore.dll
0x00007ff9f25e0000 - 0x00007ff9f262c000 	C:\WINDOWS\System32\powrprof.dll
0x00007ff9f2650000 - 0x00007ff9f266b000 	C:\WINDOWS\System32\profapi.dll
0x00007ff9d75d0000 - 0x00007ff9d75ea000 	C:\Program Files\Android\Android Studio\jre\jre\bin\net.dll
0x00007ff9f1e10000 - 0x00007ff9f1e76000 	C:\WINDOWS\system32\mswsock.dll
0x00007ff9d7410000 - 0x00007ff9d7421000 	C:\Program Files\Android\Android Studio\jre\jre\bin\nio.dll
0x00007ff9e63e0000 - 0x00007ff9e63fe000 	D:\systems\.gradle\native\25\windows-amd64\native-platform.dll
0x00007ff9eb540000 - 0x00007ff9eb54d000 	C:\Program Files\Android\Android Studio\jre\jre\bin\management.dll
0x00007ff9f1fd0000 - 0x00007ff9f1fe7000 	C:\WINDOWS\SYSTEM32\CRYPTSP.dll
0x00007ff9f1a20000 - 0x00007ff9f1a53000 	C:\WINDOWS\system32\rsaenh.dll
0x00007ff9f20e0000 - 0x00007ff9f2105000 	C:\WINDOWS\SYSTEM32\bcrypt.dll
0x00007ff9f2510000 - 0x00007ff9f2539000 	C:\WINDOWS\SYSTEM32\USERENV.dll
0x00007ff9f1ff0000 - 0x00007ff9f1ffb000 	C:\WINDOWS\SYSTEM32\CRYPTBASE.dll
0x00007ff9f1ba0000 - 0x00007ff9f1bd9000 	C:\WINDOWS\SYSTEM32\IPHLPAPI.DLL
0x00007ff9f6140000 - 0x00007ff9f6148000 	C:\WINDOWS\System32\NSI.dll
0x00007ff9ed110000 - 0x00007ff9ed126000 	C:\WINDOWS\SYSTEM32\dhcpcsvc6.DLL
0x00007ff9ed0f0000 - 0x00007ff9ed10a000 	C:\WINDOWS\SYSTEM32\dhcpcsvc.DLL
0x00007ff9df0b0000 - 0x00007ff9df0d4000 	C:\Program Files\Android\Android Studio\jre\jre\bin\sunec.dll
0x00007ff9f1be0000 - 0x00007ff9f1c96000 	C:\WINDOWS\SYSTEM32\DNSAPI.dll
0x00007ff9eb3d0000 - 0x00007ff9eb3da000 	C:\Windows\System32\rasadhlp.dll
0x00007ff9ec7d0000 - 0x00007ff9ec840000 	C:\WINDOWS\System32\fwpuclnt.dll
0x00007ff9e4570000 - 0x00007ff9e457b000 	C:\Program Files\Android\Android Studio\jre\jre\bin\sunmscapi.dll
0x00007ff9f30e0000 - 0x00007ff9f32ae000 	C:\WINDOWS\System32\CRYPT32.dll
0x00007ff9f2630000 - 0x00007ff9f2642000 	C:\WINDOWS\System32\MSASN1.dll
0x00007ff9f1720000 - 0x00007ff9f1751000 	C:\WINDOWS\SYSTEM32\ntmarta.dll

VM Arguments:
jvm_args: -XX:+HeapDumpOnOutOfMemoryError -Xmx1024m -Dfile.encoding=x-windows-874 -Duser.country=US -Duser.language=en -Duser.variant 
java_command: org.gradle.launcher.daemon.bootstrap.GradleDaemon 4.1
java_class_path (initial): D:\systems\.gradle\wrapper\dists\gradle-4.1-all\bzyivzo6n839fup2jbap0tjew\gradle-4.1\lib\gradle-launcher-4.1.jar
Launcher Type: SUN_STANDARD

Environment Variables:
JAVA_HOME=C:\Program Files\Java\jdk1.8.0_144
PATH=C:\Python3\;C:\Python3\Scripts;C:\WinAVR-20100110\bin;C:\WinAVR-20100110\utils\bin;C:\ProgramData\Oracle\Java\javapath;C:\WINDOWS\system32;C:\WINDOWS;C:\WINDOWS\System32\Wbem;C:\WINDOWS\System32\WindowsPowerShell\v1.0\;C:\Program Files\MATLAB\R2014a\runtime\win64;C:\Program Files\MATLAB\R2014a\bin;C:\Program Files\MATLAB\R2014a\polyspace\bin;C:\Program Files (x86)\Microsoft SQL Server\100\Tools\Binn\;C:\Program Files\Microsoft SQL Server\100\Tools\Binn\;C:\Program Files\Microsoft SQL Server\100\DTS\Binn\;C:\Program Files\Java\jdk1.8.0_144\bin;C:\Program Files (x86)\VideoLAN\VLC;C:\cygwin64\bin;C:\Program Files\node;C:\Program Files\node\node_modules\npm\bin;C:\Program Files\Git\cmd;C:\Program Files\Docker Toolbox;C:\Program Files\nodejs\;C:\Users\%USERSNAME%\AppData\Roaming\npm;C:\Users\5835512009\AppData\Local\Microsoft\WindowsApps;
USERNAME=5835512009
OS=Windows_NT
PROCESSOR_IDENTIFIER=Intel64 Family 6 Model 60 Stepping 3, GenuineIntel



---------------  S Y S T E M  ---------------

OS: Windows 10.0 , 64 bit Build 16299 (10.0.16299.15)

CPU:total 8 (initial active 8) (4 cores per cpu, 2 threads per core) family 6 model 60 stepping 3, cmov, cx8, fxsr, mmx, sse, sse2, sse3, ssse3, sse4.1, sse4.2, popcnt, avx, avx2, clmul, erms, lzcnt, ht, tsc, tscinvbit, bmi1, bmi2

Memory: 4k page, physical 8261292k(1106624k free), swap 8261292k(1916k free)

vm_info: OpenJDK 64-Bit Server VM (25.152-b01) for windows-amd64 JRE (1.8.0_152-release-915-b01), built by "builder" with MS VC++ 10.0 (VS2010)

time: Tue Feb 20 13:07:44 2018
elapsed time: 898 seconds (0d 0h 14m 58s)

